t=0 1
t=1 2
t=2 2
t=3 2
t=4 3
t=5 4
t=6 4
t=7 4
t=8 5
t=9 5
t=10 5
t=11 6
t=12 6
t=13 6
t=14 7
t=15 7
t=16 7
t=17 8
t=18 8
t=19 8
t=20 9
t=21 9
t=22 9
t=23 10
t=24 10
t=25 10
t=26 10
t=27 10
t=28 10
t=29 10
t=30 10
t=31 10
t=32 10
t=33 10
t=34 10
t=35 10
t=36 10
t=37 10
t=38 10
t=39 10
t=40 10
t=41 10
t=42 10
t=43 10
t=44 10
t=45 10
t=46 10
t=47 10
t=48 10
t=49 10
t=50 10
t=51 10
t=52 10
t=53 10
t=54 10
t=55 10
t=56 10
t=57 10
t=58 10
t=59 10
t=60 10
t=61 10
t=62 10
t=63 10
t=64 10
t=65 10
t=66 10
t=67 10
t=68 10
t=69 10
t=70 10
t=71 10
t=72 10
t=73 10
t=74 10
t=75 10
t=76 10
t=77 10
t=78 10
t=79 10
t=80 10
t=81 10
t=82 10
t=83 10
t=84 10
t=85 10
t=86 10
t=87 10
t=88 10
t=89 10
t=90 10
t=91 10
t=92 10
