t=0 1
t=1 2
t=2 2
t=3 2
t=4 3
t=5 3
t=6 4
t=7 4
t=8 4
t=9 4
t=10 5
t=11 6
t=12 6
t=13 6
t=14 7
t=15 7
t=16 8
t=17 8
t=18 8
t=19 8
t=20 8
t=21 8
t=22 9
t=23 9
t=24 9
t=25 10
t=26 10
t=27 10
t=28 10
t=29 10
t=30 10
t=31 1
t=32 1
t=33 1
t=34 1
t=35 2
t=36 2
t=37 1
t=38 2
t=39 2
t=40 3
t=41 3
t=42 3
t=43 4
t=44 4
t=45 5
t=46 5
t=47 5
t=48 5
t=49 5
t=50 6
t=51 6
t=52 7
t=53 8
t=54 8
t=55 8
t=56 8
t=57 8
t=58 9
t=59 10
t=60 10
t=61 10
t=62 10
t=63 10
t=64 10
t=65 10
t=66 10
t=67 10
t=68 10
t=69 10
t=70 10
t=71 1
t=72 2
t=73 2
t=74 1
t=75 2
t=76 3
t=77 3
t=78 3
t=79 3
t=80 4
t=81 4
t=82 5
t=83 5
t=84 6
t=85 6
t=86 6
t=87 6
t=88 6
t=89 7
t=90 7
t=91 7
t=92 8
t=93 8
t=94 9
t=95 10
t=96 10
t=97 10
t=98 10
t=99 1
t=100 1
t=101 2
t=102 2
t=103 3
t=104 3
t=105 3
